{"total": {"lines":{"total":1620,"covered":547,"skipped":0,"pct":33.76},"statements":{"total":1620,"covered":547,"skipped":0,"pct":33.76},"functions":{"total":52,"covered":25,"skipped":0,"pct":48.07},"branches":{"total":92,"covered":68,"skipped":0,"pct":73.91},"branchesTrue":{"total":0,"covered":0,"skipped":0,"pct":100}}
,"C:\\Users\\krige\\Dropbox\\Pc (2)\\Documents\\Studier\\4-BSE\\WEB Dev Projects\\Assignment 2 - Pokedex Web App\\pokedex-app\\src\\App.jsx": {"lines":{"total":30,"covered":30,"skipped":0,"pct":100},"functions":{"total":1,"covered":1,"skipped":0,"pct":100},"statements":{"total":30,"covered":30,"skipped":0,"pct":100},"branches":{"total":1,"covered":1,"skipped":0,"pct":100}}
,"C:\\Users\\krige\\Dropbox\\Pc (2)\\Documents\\Studier\\4-BSE\\WEB Dev Projects\\Assignment 2 - Pokedex Web App\\pokedex-app\\src\\main.jsx": {"lines":{"total":7,"covered":0,"skipped":0,"pct":0},"functions":{"total":1,"covered":0,"skipped":0,"pct":0},"statements":{"total":7,"covered":0,"skipped":0,"pct":0},"branches":{"total":1,"covered":0,"skipped":0,"pct":0}}
,"C:\\Users\\krige\\Dropbox\\Pc (2)\\Documents\\Studier\\4-BSE\\WEB Dev Projects\\Assignment 2 - Pokedex Web App\\pokedex-app\\src\\components\\about-page\\AboutContentContainer.jsx": {"lines":{"total":26,"covered":26,"skipped":0,"pct":100},"functions":{"total":1,"covered":1,"skipped":0,"pct":100},"statements":{"total":26,"covered":26,"skipped":0,"pct":100},"branches":{"total":1,"covered":1,"skipped":0,"pct":100}}
,"C:\\Users\\krige\\Dropbox\\Pc (2)\\Documents\\Studier\\4-BSE\\WEB Dev Projects\\Assignment 2 - Pokedex Web App\\pokedex-app\\src\\components\\pokedex-page\\PokedexOverview.jsx": {"lines":{"total":34,"covered":32,"skipped":0,"pct":94.11},"functions":{"total":3,"covered":2,"skipped":0,"pct":66.66},"statements":{"total":34,"covered":32,"skipped":0,"pct":94.11},"branches":{"total":3,"covered":3,"skipped":0,"pct":100}}
,"C:\\Users\\krige\\Dropbox\\Pc (2)\\Documents\\Studier\\4-BSE\\WEB Dev Projects\\Assignment 2 - Pokedex Web App\\pokedex-app\\src\\components\\pokedex-page\\CurrentPokeSeries\\CurrentPokeSeries.jsx": {"lines":{"total":80,"covered":71,"skipped":0,"pct":88.75},"functions":{"total":3,"covered":3,"skipped":0,"pct":100},"statements":{"total":80,"covered":71,"skipped":0,"pct":88.75},"branches":{"total":20,"covered":17,"skipped":0,"pct":85}}
,"C:\\Users\\krige\\Dropbox\\Pc (2)\\Documents\\Studier\\4-BSE\\WEB Dev Projects\\Assignment 2 - Pokedex Web App\\pokedex-app\\src\\components\\pokedex-page\\CurrentPokeSeries\\PokemonCard.jsx": {"lines":{"total":117,"covered":87,"skipped":0,"pct":74.35},"functions":{"total":7,"covered":3,"skipped":0,"pct":42.85},"statements":{"total":117,"covered":87,"skipped":0,"pct":74.35},"branches":{"total":15,"covered":11,"skipped":0,"pct":73.33}}
,"C:\\Users\\krige\\Dropbox\\Pc (2)\\Documents\\Studier\\4-BSE\\WEB Dev Projects\\Assignment 2 - Pokedex Web App\\pokedex-app\\src\\components\\pokedex-page\\CurrentPokeSeries\\PokemonCard\\PokemonIndex.jsx": {"lines":{"total":9,"covered":9,"skipped":0,"pct":100},"functions":{"total":1,"covered":1,"skipped":0,"pct":100},"statements":{"total":9,"covered":9,"skipped":0,"pct":100},"branches":{"total":2,"covered":2,"skipped":0,"pct":100}}
,"C:\\Users\\krige\\Dropbox\\Pc (2)\\Documents\\Studier\\4-BSE\\WEB Dev Projects\\Assignment 2 - Pokedex Web App\\pokedex-app\\src\\components\\pokedex-page\\CurrentPokeSeries\\PokemonCard\\PokemonSprite.jsx": {"lines":{"total":7,"covered":7,"skipped":0,"pct":100},"functions":{"total":1,"covered":1,"skipped":0,"pct":100},"statements":{"total":7,"covered":7,"skipped":0,"pct":100},"branches":{"total":3,"covered":3,"skipped":0,"pct":100}}
,"C:\\Users\\krige\\Dropbox\\Pc (2)\\Documents\\Studier\\4-BSE\\WEB Dev Projects\\Assignment 2 - Pokedex Web App\\pokedex-app\\src\\components\\pokedex-page\\CurrentPokeSeries\\PokemonCard\\PokemonType.jsx": {"lines":{"total":69,"covered":39,"skipped":0,"pct":56.52},"functions":{"total":1,"covered":1,"skipped":0,"pct":100},"statements":{"total":69,"covered":39,"skipped":0,"pct":56.52},"branches":{"total":21,"covered":6,"skipped":0,"pct":28.57}}
,"C:\\Users\\krige\\Dropbox\\Pc (2)\\Documents\\Studier\\4-BSE\\WEB Dev Projects\\Assignment 2 - Pokedex Web App\\pokedex-app\\src\\components\\pokedex-page\\OverviewNavigationBar\\NextPokeSeriesButton.jsx": {"lines":{"total":10,"covered":10,"skipped":0,"pct":100},"functions":{"total":1,"covered":1,"skipped":0,"pct":100},"statements":{"total":10,"covered":10,"skipped":0,"pct":100},"branches":{"total":1,"covered":1,"skipped":0,"pct":100}}
,"C:\\Users\\krige\\Dropbox\\Pc (2)\\Documents\\Studier\\4-BSE\\WEB Dev Projects\\Assignment 2 - Pokedex Web App\\pokedex-app\\src\\components\\pokedex-page\\OverviewNavigationBar\\OverviewNavigationBar.jsx": {"lines":{"total":12,"covered":12,"skipped":0,"pct":100},"functions":{"total":1,"covered":1,"skipped":0,"pct":100},"statements":{"total":12,"covered":12,"skipped":0,"pct":100},"branches":{"total":1,"covered":1,"skipped":0,"pct":100}}
,"C:\\Users\\krige\\Dropbox\\Pc (2)\\Documents\\Studier\\4-BSE\\WEB Dev Projects\\Assignment 2 - Pokedex Web App\\pokedex-app\\src\\components\\pokedex-page\\OverviewNavigationBar\\PreviousPokeSeriesButton.jsx": {"lines":{"total":10,"covered":10,"skipped":0,"pct":100},"functions":{"total":1,"covered":1,"skipped":0,"pct":100},"statements":{"total":10,"covered":10,"skipped":0,"pct":100},"branches":{"total":1,"covered":1,"skipped":0,"pct":100}}
,"C:\\Users\\krige\\Dropbox\\Pc (2)\\Documents\\Studier\\4-BSE\\WEB Dev Projects\\Assignment 2 - Pokedex Web App\\pokedex-app\\src\\components\\pokemon-page\\PokemonInspectionPanel.jsx": {"lines":{"total":252,"covered":6,"skipped":0,"pct":2.38},"functions":{"total":1,"covered":0,"skipped":0,"pct":0},"statements":{"total":252,"covered":6,"skipped":0,"pct":2.38},"branches":{"total":0,"covered":0,"skipped":0,"pct":100}}
,"C:\\Users\\krige\\Dropbox\\Pc (2)\\Documents\\Studier\\4-BSE\\WEB Dev Projects\\Assignment 2 - Pokedex Web App\\pokedex-app\\src\\components\\pokemon-page\\PokemonActionPanel\\PokemonActionGif.jsx": {"lines":{"total":331,"covered":2,"skipped":0,"pct":0.6},"functions":{"total":1,"covered":0,"skipped":0,"pct":0},"statements":{"total":331,"covered":2,"skipped":0,"pct":0.6},"branches":{"total":0,"covered":0,"skipped":0,"pct":100}}
,"C:\\Users\\krige\\Dropbox\\Pc (2)\\Documents\\Studier\\4-BSE\\WEB Dev Projects\\Assignment 2 - Pokedex Web App\\pokedex-app\\src\\components\\pokemon-page\\PokemonActionPanel\\PokemonActionPanel.jsx": {"lines":{"total":52,"covered":4,"skipped":0,"pct":7.69},"functions":{"total":1,"covered":0,"skipped":0,"pct":0},"statements":{"total":52,"covered":4,"skipped":0,"pct":7.69},"branches":{"total":0,"covered":0,"skipped":0,"pct":100}}
,"C:\\Users\\krige\\Dropbox\\Pc (2)\\Documents\\Studier\\4-BSE\\WEB Dev Projects\\Assignment 2 - Pokedex Web App\\pokedex-app\\src\\components\\pokemon-page\\PokemonNavigationBar\\NextPokemonButton.jsx": {"lines":{"total":15,"covered":4,"skipped":0,"pct":26.66},"functions":{"total":1,"covered":0,"skipped":0,"pct":0},"statements":{"total":15,"covered":4,"skipped":0,"pct":26.66},"branches":{"total":0,"covered":0,"skipped":0,"pct":100}}
,"C:\\Users\\krige\\Dropbox\\Pc (2)\\Documents\\Studier\\4-BSE\\WEB Dev Projects\\Assignment 2 - Pokedex Web App\\pokedex-app\\src\\components\\pokemon-page\\PokemonNavigationBar\\PokemonNavigationBar.jsx": {"lines":{"total":12,"covered":4,"skipped":0,"pct":33.33},"functions":{"total":1,"covered":0,"skipped":0,"pct":0},"statements":{"total":12,"covered":4,"skipped":0,"pct":33.33},"branches":{"total":0,"covered":0,"skipped":0,"pct":100}}
,"C:\\Users\\krige\\Dropbox\\Pc (2)\\Documents\\Studier\\4-BSE\\WEB Dev Projects\\Assignment 2 - Pokedex Web App\\pokedex-app\\src\\components\\pokemon-page\\PokemonNavigationBar\\PreviousPokemonButton.jsx": {"lines":{"total":15,"covered":4,"skipped":0,"pct":26.66},"functions":{"total":1,"covered":0,"skipped":0,"pct":0},"statements":{"total":15,"covered":4,"skipped":0,"pct":26.66},"branches":{"total":0,"covered":0,"skipped":0,"pct":100}}
,"C:\\Users\\krige\\Dropbox\\Pc (2)\\Documents\\Studier\\4-BSE\\WEB Dev Projects\\Assignment 2 - Pokedex Web App\\pokedex-app\\src\\components\\pokemon-page\\PokemonStatsPanel\\PokemonIndex.jsx": {"lines":{"total":6,"covered":1,"skipped":0,"pct":16.66},"functions":{"total":1,"covered":0,"skipped":0,"pct":0},"statements":{"total":6,"covered":1,"skipped":0,"pct":16.66},"branches":{"total":0,"covered":0,"skipped":0,"pct":100}}
,"C:\\Users\\krige\\Dropbox\\Pc (2)\\Documents\\Studier\\4-BSE\\WEB Dev Projects\\Assignment 2 - Pokedex Web App\\pokedex-app\\src\\components\\pokemon-page\\PokemonStatsPanel\\PokemonName.jsx": {"lines":{"total":5,"covered":1,"skipped":0,"pct":20},"functions":{"total":1,"covered":0,"skipped":0,"pct":0},"statements":{"total":5,"covered":1,"skipped":0,"pct":20},"branches":{"total":0,"covered":0,"skipped":0,"pct":100}}
,"C:\\Users\\krige\\Dropbox\\Pc (2)\\Documents\\Studier\\4-BSE\\WEB Dev Projects\\Assignment 2 - Pokedex Web App\\pokedex-app\\src\\components\\pokemon-page\\PokemonStatsPanel\\PokemonStatsPanel.jsx": {"lines":{"total":83,"covered":7,"skipped":0,"pct":8.43},"functions":{"total":1,"covered":0,"skipped":0,"pct":0},"statements":{"total":83,"covered":7,"skipped":0,"pct":8.43},"branches":{"total":0,"covered":0,"skipped":0,"pct":100}}
,"C:\\Users\\krige\\Dropbox\\Pc (2)\\Documents\\Studier\\4-BSE\\WEB Dev Projects\\Assignment 2 - Pokedex Web App\\pokedex-app\\src\\components\\pokemon-page\\PokemonStatsPanel\\PokemonTypeRow.jsx": {"lines":{"total":45,"covered":4,"skipped":0,"pct":8.88},"functions":{"total":1,"covered":0,"skipped":0,"pct":0},"statements":{"total":45,"covered":4,"skipped":0,"pct":8.88},"branches":{"total":0,"covered":0,"skipped":0,"pct":100}}
,"C:\\Users\\krige\\Dropbox\\Pc (2)\\Documents\\Studier\\4-BSE\\WEB Dev Projects\\Assignment 2 - Pokedex Web App\\pokedex-app\\src\\components\\pokemon-page\\PokemonStatsPanel\\PokemonStats\\PokemonStatsHeader.jsx": {"lines":{"total":7,"covered":2,"skipped":0,"pct":28.57},"functions":{"total":1,"covered":0,"skipped":0,"pct":0},"statements":{"total":7,"covered":2,"skipped":0,"pct":28.57},"branches":{"total":0,"covered":0,"skipped":0,"pct":100}}
,"C:\\Users\\krige\\Dropbox\\Pc (2)\\Documents\\Studier\\4-BSE\\WEB Dev Projects\\Assignment 2 - Pokedex Web App\\pokedex-app\\src\\components\\pokemon-page\\PokemonStatsPanel\\PokemonStats\\PokemonStatsRow.jsx": {"lines":{"total":12,"covered":2,"skipped":0,"pct":16.66},"functions":{"total":1,"covered":0,"skipped":0,"pct":0},"statements":{"total":12,"covered":2,"skipped":0,"pct":16.66},"branches":{"total":0,"covered":0,"skipped":0,"pct":100}}
,"C:\\Users\\krige\\Dropbox\\Pc (2)\\Documents\\Studier\\4-BSE\\WEB Dev Projects\\Assignment 2 - Pokedex Web App\\pokedex-app\\src\\components\\pokemon-page\\PokemonStatsPanel\\PokemonStats\\PokemonStatsTable.jsx": {"lines":{"total":84,"covered":5,"skipped":0,"pct":5.95},"functions":{"total":1,"covered":0,"skipped":0,"pct":0},"statements":{"total":84,"covered":5,"skipped":0,"pct":5.95},"branches":{"total":0,"covered":0,"skipped":0,"pct":100}}
,"C:\\Users\\krige\\Dropbox\\Pc (2)\\Documents\\Studier\\4-BSE\\WEB Dev Projects\\Assignment 2 - Pokedex Web App\\pokedex-app\\src\\components\\shared\\footer\\Footer.jsx": {"lines":{"total":15,"covered":15,"skipped":0,"pct":100},"functions":{"total":1,"covered":1,"skipped":0,"pct":100},"statements":{"total":15,"covered":15,"skipped":0,"pct":100},"branches":{"total":1,"covered":1,"skipped":0,"pct":100}}
,"C:\\Users\\krige\\Dropbox\\Pc (2)\\Documents\\Studier\\4-BSE\\WEB Dev Projects\\Assignment 2 - Pokedex Web App\\pokedex-app\\src\\components\\shared\\header\\Header.jsx": {"lines":{"total":18,"covered":18,"skipped":0,"pct":100},"functions":{"total":1,"covered":1,"skipped":0,"pct":100},"statements":{"total":18,"covered":18,"skipped":0,"pct":100},"branches":{"total":1,"covered":1,"skipped":0,"pct":100}}
,"C:\\Users\\krige\\Dropbox\\Pc (2)\\Documents\\Studier\\4-BSE\\WEB Dev Projects\\Assignment 2 - Pokedex Web App\\pokedex-app\\src\\components\\shared\\header\\Logo.jsx": {"lines":{"total":9,"covered":9,"skipped":0,"pct":100},"functions":{"total":1,"covered":1,"skipped":0,"pct":100},"statements":{"total":9,"covered":9,"skipped":0,"pct":100},"branches":{"total":1,"covered":1,"skipped":0,"pct":100}}
,"C:\\Users\\krige\\Dropbox\\Pc (2)\\Documents\\Studier\\4-BSE\\WEB Dev Projects\\Assignment 2 - Pokedex Web App\\pokedex-app\\src\\components\\shared\\header\\NavigationButtons.jsx": {"lines":{"total":19,"covered":15,"skipped":0,"pct":78.94},"functions":{"total":3,"covered":1,"skipped":0,"pct":33.33},"statements":{"total":19,"covered":15,"skipped":0,"pct":78.94},"branches":{"total":1,"covered":1,"skipped":0,"pct":100}}
,"C:\\Users\\krige\\Dropbox\\Pc (2)\\Documents\\Studier\\4-BSE\\WEB Dev Projects\\Assignment 2 - Pokedex Web App\\pokedex-app\\src\\components\\shared\\header\\PokedexTitle.jsx": {"lines":{"total":7,"covered":7,"skipped":0,"pct":100},"functions":{"total":1,"covered":1,"skipped":0,"pct":100},"statements":{"total":7,"covered":7,"skipped":0,"pct":100},"branches":{"total":1,"covered":1,"skipped":0,"pct":100}}
,"C:\\Users\\krige\\Dropbox\\Pc (2)\\Documents\\Studier\\4-BSE\\WEB Dev Projects\\Assignment 2 - Pokedex Web App\\pokedex-app\\src\\components\\shared\\header\\SearchBar.jsx": {"lines":{"total":42,"covered":20,"skipped":0,"pct":47.61},"functions":{"total":4,"covered":1,"skipped":0,"pct":25},"statements":{"total":42,"covered":20,"skipped":0,"pct":47.61},"branches":{"total":1,"covered":1,"skipped":0,"pct":100}}
,"C:\\Users\\krige\\Dropbox\\Pc (2)\\Documents\\Studier\\4-BSE\\WEB Dev Projects\\Assignment 2 - Pokedex Web App\\pokedex-app\\src\\routes\\AboutPage.jsx": {"lines":{"total":11,"covered":4,"skipped":0,"pct":36.36},"functions":{"total":1,"covered":0,"skipped":0,"pct":0},"statements":{"total":11,"covered":4,"skipped":0,"pct":36.36},"branches":{"total":0,"covered":0,"skipped":0,"pct":100}}
,"C:\\Users\\krige\\Dropbox\\Pc (2)\\Documents\\Studier\\4-BSE\\WEB Dev Projects\\Assignment 2 - Pokedex Web App\\pokedex-app\\src\\routes\\ExceptionPage.jsx": {"lines":{"total":20,"covered":6,"skipped":0,"pct":30},"functions":{"total":1,"covered":0,"skipped":0,"pct":0},"statements":{"total":20,"covered":6,"skipped":0,"pct":30},"branches":{"total":0,"covered":0,"skipped":0,"pct":100}}
,"C:\\Users\\krige\\Dropbox\\Pc (2)\\Documents\\Studier\\4-BSE\\WEB Dev Projects\\Assignment 2 - Pokedex Web App\\pokedex-app\\src\\routes\\PokedexPage.jsx": {"lines":{"total":69,"covered":67,"skipped":0,"pct":97.1},"functions":{"total":3,"covered":3,"skipped":0,"pct":100},"statements":{"total":69,"covered":67,"skipped":0,"pct":97.1},"branches":{"total":16,"covered":15,"skipped":0,"pct":93.75}}
,"C:\\Users\\krige\\Dropbox\\Pc (2)\\Documents\\Studier\\4-BSE\\WEB Dev Projects\\Assignment 2 - Pokedex Web App\\pokedex-app\\src\\routes\\PokemonPage.jsx": {"lines":{"total":80,"covered":7,"skipped":0,"pct":8.75},"functions":{"total":1,"covered":0,"skipped":0,"pct":0},"statements":{"total":80,"covered":7,"skipped":0,"pct":8.75},"branches":{"total":0,"covered":0,"skipped":0,"pct":100}}
}
