TN:
SF:src\App.jsx
FN:29,App
FNF:1
FNH:1
FNDA:5,App
DA:1,1
DA:2,1
DA:4,1
DA:5,1
DA:6,1
DA:7,1
DA:8,1
DA:10,1
DA:11,1
DA:12,1
DA:13,1
DA:14,1
DA:15,1
DA:16,1
DA:17,1
DA:18,1
DA:19,1
DA:20,1
DA:21,1
DA:22,1
DA:23,1
DA:24,1
DA:25,1
DA:26,1
DA:27,1
DA:29,1
DA:30,5
DA:31,5
DA:32,5
DA:35,5
LF:30
LH:30
BRDA:29,0,0,5
BRF:1
BRH:1
end_of_record
TN:
SF:src\main.jsx
FN:1,(empty-report)
FNF:1
FNH:0
FNDA:0,(empty-report)
DA:1,0
DA:2,0
DA:3,0
DA:4,0
DA:5,0
DA:6,0
DA:7,0
LF:7
LH:0
BRDA:1,0,0,0
BRF:1
BRH:0
end_of_record
TN:
SF:src\components\about-page\AboutContentContainer.jsx
FN:3,PokedexOverview
FNF:1
FNH:1
FNDA:1,PokedexOverview
DA:1,1
DA:3,1
DA:5,1
DA:6,1
DA:7,1
DA:8,1
DA:9,1
DA:10,1
DA:11,1
DA:12,1
DA:13,1
DA:14,1
DA:15,1
DA:16,1
DA:17,1
DA:18,1
DA:19,1
DA:20,1
DA:21,1
DA:22,1
DA:23,1
DA:24,1
DA:25,1
DA:26,1
DA:30,1
DA:32,1
LF:26
LH:26
BRDA:3,0,0,1
BRF:1
BRH:1
end_of_record
TN:
SF:src\components\pokedex-page\PokedexOverview.jsx
FN:5,PokedexOverview
FN:8,displayNextSeriesFunc
FN:12,displayPreviousSeriesFunc
FNF:3
FNH:2
FNDA:6,PokedexOverview
FNDA:1,displayNextSeriesFunc
FNDA:0,displayPreviousSeriesFunc
DA:1,1
DA:2,1
DA:3,1
DA:5,6
DA:6,6
DA:8,6
DA:9,1
DA:10,1
DA:12,6
DA:13,0
DA:14,0
DA:16,6
DA:17,6
DA:18,6
DA:19,6
DA:20,6
DA:21,6
DA:22,6
DA:23,6
DA:24,6
DA:27,6
DA:28,6
DA:29,6
DA:30,6
DA:31,6
DA:34,6
DA:35,6
DA:36,6
DA:37,6
DA:38,6
DA:39,6
DA:40,6
DA:45,6
DA:47,1
LF:34
LH:32
BRDA:5,0,0,6
BRDA:8,1,0,1
BRDA:9,2,0,2
BRF:3
BRH:3
end_of_record
TN:
SF:src\components\pokedex-page\CurrentPokeSeries\CurrentPokeSeries.jsx
FN:5,CurrentPokeSeries
FN:11,getPokemonList
FN:29,fetchPokemonList
FNF:3
FNH:3
FNDA:18,CurrentPokeSeries
FNDA:5,getPokemonList
FNDA:5,fetchPokemonList
DA:1,1
DA:2,1
DA:3,1
DA:5,18
DA:6,18
DA:7,18
DA:8,18
DA:9,18
DA:11,18
DA:12,5
DA:13,5
DA:14,5
DA:15,0
DA:16,0
DA:17,5
DA:19,5
DA:20,0
DA:21,0
DA:22,0
DA:23,5
DA:26,18
DA:27,18
DA:28,18
DA:29,5
DA:30,5
DA:31,5
DA:32,5
DA:33,10
DA:34,10
DA:35,10
DA:37,10
DA:38,5
DA:39,5
DA:40,5
DA:41,5
DA:42,5
DA:44,5
DA:45,0
DA:47,5
DA:48,5
DA:49,5
DA:50,5
DA:51,5
DA:52,18
DA:53,18
DA:56,18
DA:57,18
DA:58,6
DA:59,6
DA:60,6
DA:61,6
DA:64,6
DA:67,12
DA:68,18
DA:69,0
DA:70,0
DA:71,0
DA:72,0
DA:75,0
DA:78,12
DA:79,12
DA:80,18
DA:81,12
DA:82,240
DA:83,240
DA:84,240
DA:85,240
DA:86,240
DA:89,240
DA:90,18
DA:91,0
DA:92,0
DA:95,12
DA:96,12
DA:97,12
DA:98,12
DA:100,12
DA:101,12
DA:105,12
DA:107,1
LF:80
LH:67
BRDA:5,0,0,18
BRDA:57,1,0,6
BRDA:64,2,0,12
BRDA:68,3,0,0
BRDA:75,4,0,12
BRDA:80,5,0,12
BRDA:90,6,0,0
BRDA:92,7,0,12
BRDA:11,8,0,5
BRDA:14,9,0,0
BRDA:19,10,0,0
BRDA:28,11,0,5
BRDA:29,12,0,5
BRDA:44,13,0,0
BRDA:32,14,0,10
BRDA:81,15,0,240
BRF:16
BRH:11
end_of_record
TN:
SF:src\components\pokedex-page\CurrentPokeSeries\PokemonCard.jsx
FN:9,PokemonCard
FN:17,getPokemon
FN:34,fetchPokemon
FN:57,goToPokemonPage
FN:74,handleMouseMove
FN:94,handleMouseLeave
FN:101,handleMouseEnter
FNF:7
FNH:3
FNDA:260,PokemonCard
FNDA:120,getPokemon
FNDA:120,fetchPokemon
FNDA:0,goToPokemonPage
FNDA:0,handleMouseMove
FNDA:0,handleMouseLeave
FNDA:0,handleMouseEnter
DA:1,1
DA:2,1
DA:3,1
DA:4,1
DA:5,1
DA:6,1
DA:7,1
DA:9,260
DA:10,260
DA:11,260
DA:12,260
DA:13,260
DA:14,260
DA:17,260
DA:18,120
DA:19,120
DA:20,120
DA:21,0
DA:22,0
DA:23,120
DA:25,120
DA:26,0
DA:27,0
DA:28,0
DA:29,120
DA:31,260
DA:32,260
DA:33,260
DA:34,120
DA:35,120
DA:36,120
DA:38,120
DA:39,120
DA:40,96
DA:41,96
DA:44,120
DA:45,0
DA:47,120
DA:48,96
DA:49,96
DA:50,120
DA:51,120
DA:52,260
DA:53,260
DA:55,260
DA:56,260
DA:57,260
DA:58,0
DA:59,0
DA:62,260
DA:63,44
DA:64,44
DA:65,44
DA:66,44
DA:69,44
DA:72,260
DA:73,260
DA:74,260
DA:75,0
DA:76,0
DA:78,0
DA:79,0
DA:80,0
DA:81,0
DA:82,0
DA:84,0
DA:85,0
DA:86,0
DA:88,0
DA:89,0
DA:90,0
DA:93,260
DA:94,260
DA:95,0
DA:96,0
DA:97,0
DA:100,260
DA:101,260
DA:102,0
DA:103,0
DA:104,0
DA:107,260
DA:108,260
DA:109,232
DA:110,232
DA:112,232
DA:115,28
DA:116,260
DA:117,0
DA:118,0
DA:120,0
DA:123,28
DA:124,28
DA:125,28
DA:126,28
DA:128,28
DA:129,28
DA:130,28
DA:131,28
DA:132,28
DA:133,28
DA:134,28
DA:136,28
DA:137,28
DA:138,28
DA:139,28
DA:140,28
DA:145,28
DA:147,28
DA:148,28
DA:149,28
DA:153,28
DA:154,28
DA:159,28
DA:160,28
DA:167,28
DA:169,1
LF:117
LH:87
BRDA:9,0,0,260
BRDA:62,1,0,28
BRDA:108,2,0,232
BRDA:112,3,0,28
BRDA:116,4,0,0
BRDA:120,5,0,28
BRDA:17,6,0,120
BRDA:20,7,0,0
BRDA:25,8,0,0
BRDA:33,9,0,120
BRDA:34,10,0,120
BRDA:39,11,0,96
BRDA:44,12,0,0
BRDA:47,13,0,96
BRDA:62,14,0,44
BRF:15
BRH:11
end_of_record
TN:
SF:src\components\pokedex-page\CurrentPokeSeries\PokemonCard\PokemonIndex.jsx
FN:1,PokemonIndex
FNF:1
FNH:1
FNDA:28,PokemonIndex
DA:1,28
DA:3,28
DA:4,28
DA:6,28
DA:8,1
LF:5
LH:5
BRDA:1,0,0,28
BRF:1
BRH:1
end_of_record
TN:
SF:src\components\pokedex-page\CurrentPokeSeries\PokemonCard\PokemonSprite.jsx
FN:1,PokemonSprite
FNF:1
FNH:1
FNDA:28,PokemonSprite
DA:1,28
DA:2,28
DA:3,0
DA:4,0
DA:6,28
DA:7,28
DA:9,1
LF:7
LH:5
BRDA:1,0,0,28
BRDA:2,1,0,0
BRF:2
BRH:1
end_of_record
TN:
SF:src\components\pokedex-page\CurrentPokeSeries\PokemonCard\PokemonType.jsx
FN:3,PokemonType
FNF:1
FNH:1
FNDA:44,PokemonType
DA:1,1
DA:3,44
DA:5,44
DA:7,44
DA:8,44
DA:9,2
DA:10,2
DA:12,44
DA:13,0
DA:14,0
DA:16,44
DA:17,2
DA:18,2
DA:20,44
DA:21,14
DA:22,14
DA:24,44
DA:25,0
DA:26,0
DA:28,44
DA:29,0
DA:30,0
DA:32,44
DA:33,24
DA:34,24
DA:36,44
DA:37,0
DA:38,0
DA:40,44
DA:41,0
DA:42,0
DA:44,44
DA:45,0
DA:46,0
DA:48,44
DA:49,0
DA:50,0
DA:52,44
DA:53,0
DA:54,0
DA:56,44
DA:57,2
DA:58,2
DA:60,44
DA:61,0
DA:62,0
DA:64,44
DA:65,0
DA:66,0
DA:68,44
DA:69,0
DA:70,0
DA:72,44
DA:73,0
DA:74,0
DA:76,44
DA:77,0
DA:78,0
DA:80,44
DA:81,0
DA:82,0
DA:84,44
DA:85,0
DA:86,0
DA:87,44
DA:89,44
DA:90,44
DA:92,44
DA:94,1
LF:69
LH:39
BRDA:3,0,0,44
BRDA:8,1,0,2
BRDA:12,2,0,0
BRDA:16,3,0,2
BRDA:20,4,0,14
BRDA:24,5,0,0
BRDA:28,6,0,0
BRDA:32,7,0,24
BRDA:36,8,0,0
BRDA:40,9,0,0
BRDA:44,10,0,0
BRDA:48,11,0,0
BRDA:52,12,0,0
BRDA:56,13,0,2
BRDA:60,14,0,0
BRDA:64,15,0,0
BRDA:68,16,0,0
BRDA:72,17,0,0
BRDA:76,18,0,0
BRDA:80,19,0,0
BRDA:84,20,0,0
BRF:21
BRH:6
end_of_record
TN:
SF:src\components\pokedex-page\OverviewNavigationBar\NextPokeSeriesButton.jsx
FN:4,NextPokeSeriesButton
FNF:1
FNH:1
FNDA:12,NextPokeSeriesButton
DA:1,1
DA:2,1
DA:4,12
DA:6,12
DA:7,12
DA:8,12
DA:9,12
DA:10,12
DA:14,12
DA:16,1
LF:10
LH:10
BRDA:4,0,0,12
BRF:1
BRH:1
end_of_record
TN:
SF:src\components\pokedex-page\OverviewNavigationBar\OverviewNavigationBar.jsx
FN:6,OverviewNavigationBar
FNF:1
FNH:1
FNDA:12,OverviewNavigationBar
DA:1,1
DA:2,1
DA:3,1
DA:6,12
DA:8,12
DA:9,12
DA:11,12
DA:12,12
DA:13,12
DA:15,12
DA:18,12
DA:20,1
LF:12
LH:12
BRDA:6,0,0,12
BRF:1
BRH:1
end_of_record
TN:
SF:src\components\pokedex-page\OverviewNavigationBar\PreviousPokeSeriesButton.jsx
FN:4,PreviousPokeSeriesButton
FNF:1
FNH:1
FNDA:4,PreviousPokeSeriesButton
DA:1,1
DA:2,1
DA:4,4
DA:6,4
DA:7,4
DA:8,4
DA:9,4
DA:10,4
DA:15,4
DA:17,1
LF:10
LH:10
BRDA:4,0,0,4
BRF:1
BRH:1
end_of_record
TN:
SF:src\components\pokemon-page\PokemonInspectionPanel.jsx
FN:8,PokemonInspectionPanel
FNF:1
FNH:0
FNDA:0,PokemonInspectionPanel
DA:1,1
DA:2,1
DA:3,1
DA:4,1
DA:5,1
DA:8,0
DA:10,0
DA:11,0
DA:12,0
DA:13,0
DA:16,0
DA:17,0
DA:18,0
DA:19,0
DA:20,0
DA:21,0
DA:22,0
DA:24,0
DA:25,0
DA:26,0
DA:27,0
DA:28,0
DA:30,0
DA:31,0
DA:32,0
DA:33,0
DA:34,0
DA:35,0
DA:37,0
DA:38,0
DA:39,0
DA:42,0
DA:43,0
DA:45,0
DA:46,0
DA:47,0
DA:48,0
DA:49,0
DA:50,0
DA:51,0
DA:53,0
DA:54,0
DA:55,0
DA:56,0
DA:58,0
DA:61,0
DA:62,0
DA:63,0
DA:64,0
DA:66,0
DA:68,0
DA:69,0
DA:71,0
DA:72,0
DA:73,0
DA:74,0
DA:75,0
DA:76,0
DA:77,0
DA:78,0
DA:79,0
DA:80,0
DA:82,0
DA:83,0
DA:84,0
DA:85,0
DA:86,0
DA:87,0
DA:88,0
DA:89,0
DA:90,0
DA:92,0
DA:93,0
DA:94,0
DA:95,0
DA:96,0
DA:97,0
DA:98,0
DA:99,0
DA:100,0
DA:102,0
DA:103,0
DA:104,0
DA:105,0
DA:106,0
DA:107,0
DA:108,0
DA:109,0
DA:110,0
DA:112,0
DA:113,0
DA:114,0
DA:115,0
DA:116,0
DA:117,0
DA:118,0
DA:119,0
DA:120,0
DA:122,0
DA:123,0
DA:124,0
DA:125,0
DA:126,0
DA:127,0
DA:128,0
DA:129,0
DA:130,0
DA:132,0
DA:133,0
DA:134,0
DA:135,0
DA:136,0
DA:137,0
DA:138,0
DA:139,0
DA:140,0
DA:142,0
DA:143,0
DA:144,0
DA:145,0
DA:146,0
DA:147,0
DA:148,0
DA:149,0
DA:150,0
DA:152,0
DA:153,0
DA:154,0
DA:155,0
DA:156,0
DA:157,0
DA:158,0
DA:159,0
DA:160,0
DA:162,0
DA:163,0
DA:164,0
DA:165,0
DA:166,0
DA:167,0
DA:168,0
DA:169,0
DA:170,0
DA:172,0
DA:173,0
DA:174,0
DA:175,0
DA:176,0
DA:177,0
DA:178,0
DA:179,0
DA:180,0
DA:182,0
DA:183,0
DA:184,0
DA:185,0
DA:186,0
DA:187,0
DA:188,0
DA:189,0
DA:190,0
DA:192,0
DA:193,0
DA:194,0
DA:195,0
DA:196,0
DA:197,0
DA:198,0
DA:199,0
DA:200,0
DA:202,0
DA:203,0
DA:204,0
DA:205,0
DA:206,0
DA:207,0
DA:208,0
DA:209,0
DA:210,0
DA:212,0
DA:213,0
DA:214,0
DA:215,0
DA:216,0
DA:217,0
DA:218,0
DA:219,0
DA:220,0
DA:222,0
DA:223,0
DA:224,0
DA:225,0
DA:226,0
DA:227,0
DA:228,0
DA:229,0
DA:230,0
DA:232,0
DA:233,0
DA:234,0
DA:235,0
DA:236,0
DA:237,0
DA:238,0
DA:239,0
DA:240,0
DA:242,0
DA:243,0
DA:244,0
DA:245,0
DA:246,0
DA:247,0
DA:248,0
DA:249,0
DA:250,0
DA:252,0
DA:253,0
DA:254,0
DA:255,0
DA:256,0
DA:257,0
DA:258,0
DA:259,0
DA:260,0
DA:262,0
DA:263,0
DA:264,0
DA:265,0
DA:266,0
DA:267,0
DA:268,0
DA:269,0
DA:270,0
DA:271,0
DA:273,0
DA:274,0
DA:277,0
DA:278,0
DA:279,0
DA:280,0
DA:281,0
DA:282,0
DA:283,0
DA:287,0
DA:288,0
DA:289,0
DA:294,0
DA:295,0
DA:296,0
DA:297,0
DA:302,0
DA:304,1
LF:252
LH:6
BRF:0
BRH:0
end_of_record
TN:
SF:src\components\pokemon-page\PokemonActionPanel\PokemonActionGif.jsx
FN:3,PokemonActionGif
FNF:1
FNH:0
FNDA:0,PokemonActionGif
DA:1,1
DA:3,0
DA:4,0
DA:6,0
DA:7,0
DA:8,0
DA:10,0
DA:11,0
DA:12,0
DA:13,0
DA:14,0
DA:15,0
DA:16,0
DA:17,0
DA:18,0
DA:19,0
DA:20,0
DA:21,0
DA:22,0
DA:23,0
DA:24,0
DA:25,0
DA:26,0
DA:28,0
DA:29,0
DA:30,0
DA:31,0
DA:32,0
DA:33,0
DA:34,0
DA:35,0
DA:36,0
DA:37,0
DA:38,0
DA:39,0
DA:40,0
DA:41,0
DA:42,0
DA:44,0
DA:45,0
DA:46,0
DA:47,0
DA:48,0
DA:49,0
DA:50,0
DA:51,0
DA:52,0
DA:53,0
DA:54,0
DA:55,0
DA:56,0
DA:57,0
DA:58,0
DA:60,0
DA:61,0
DA:62,0
DA:63,0
DA:64,0
DA:65,0
DA:66,0
DA:67,0
DA:68,0
DA:69,0
DA:70,0
DA:71,0
DA:72,0
DA:73,0
DA:74,0
DA:76,0
DA:77,0
DA:78,0
DA:79,0
DA:80,0
DA:81,0
DA:82,0
DA:83,0
DA:84,0
DA:85,0
DA:86,0
DA:87,0
DA:88,0
DA:89,0
DA:90,0
DA:92,0
DA:93,0
DA:94,0
DA:95,0
DA:96,0
DA:97,0
DA:98,0
DA:99,0
DA:100,0
DA:101,0
DA:102,0
DA:103,0
DA:104,0
DA:106,0
DA:107,0
DA:108,0
DA:109,0
DA:110,0
DA:111,0
DA:112,0
DA:113,0
DA:114,0
DA:115,0
DA:116,0
DA:117,0
DA:118,0
DA:119,0
DA:120,0
DA:122,0
DA:123,0
DA:124,0
DA:125,0
DA:126,0
DA:127,0
DA:128,0
DA:129,0
DA:130,0
DA:131,0
DA:132,0
DA:133,0
DA:134,0
DA:135,0
DA:136,0
DA:138,0
DA:139,0
DA:140,0
DA:141,0
DA:142,0
DA:143,0
DA:144,0
DA:145,0
DA:146,0
DA:147,0
DA:148,0
DA:149,0
DA:150,0
DA:151,0
DA:152,0
DA:154,0
DA:155,0
DA:156,0
DA:157,0
DA:158,0
DA:159,0
DA:160,0
DA:161,0
DA:162,0
DA:163,0
DA:164,0
DA:165,0
DA:166,0
DA:167,0
DA:168,0
DA:170,0
DA:171,0
DA:172,0
DA:173,0
DA:174,0
DA:175,0
DA:176,0
DA:177,0
DA:178,0
DA:179,0
DA:180,0
DA:181,0
DA:182,0
DA:183,0
DA:184,0
DA:186,0
DA:187,0
DA:188,0
DA:189,0
DA:190,0
DA:191,0
DA:192,0
DA:193,0
DA:194,0
DA:195,0
DA:196,0
DA:197,0
DA:198,0
DA:199,0
DA:200,0
DA:202,0
DA:203,0
DA:204,0
DA:205,0
DA:206,0
DA:207,0
DA:208,0
DA:209,0
DA:210,0
DA:211,0
DA:212,0
DA:213,0
DA:214,0
DA:215,0
DA:216,0
DA:218,0
DA:219,0
DA:220,0
DA:221,0
DA:222,0
DA:223,0
DA:224,0
DA:225,0
DA:226,0
DA:227,0
DA:228,0
DA:229,0
DA:230,0
DA:231,0
DA:232,0
DA:234,0
DA:235,0
DA:236,0
DA:237,0
DA:238,0
DA:239,0
DA:240,0
DA:241,0
DA:242,0
DA:243,0
DA:244,0
DA:245,0
DA:246,0
DA:247,0
DA:248,0
DA:250,0
DA:251,0
DA:252,0
DA:253,0
DA:254,0
DA:255,0
DA:256,0
DA:257,0
DA:258,0
DA:259,0
DA:260,0
DA:261,0
DA:262,0
DA:263,0
DA:264,0
DA:266,0
DA:267,0
DA:268,0
DA:269,0
DA:270,0
DA:271,0
DA:272,0
DA:273,0
DA:274,0
DA:275,0
DA:276,0
DA:277,0
DA:278,0
DA:279,0
DA:280,0
DA:282,0
DA:283,0
DA:284,0
DA:285,0
DA:286,0
DA:287,0
DA:288,0
DA:289,0
DA:290,0
DA:291,0
DA:292,0
DA:293,0
DA:294,0
DA:295,0
DA:296,0
DA:298,0
DA:299,0
DA:300,0
DA:301,0
DA:302,0
DA:303,0
DA:304,0
DA:305,0
DA:306,0
DA:307,0
DA:308,0
DA:309,0
DA:310,0
DA:311,0
DA:312,0
DA:315,0
DA:316,0
DA:317,0
DA:318,0
DA:319,0
DA:320,0
DA:321,0
DA:322,0
DA:323,0
DA:324,0
DA:325,0
DA:326,0
DA:327,0
DA:328,0
DA:329,0
DA:330,0
DA:332,0
DA:333,0
DA:335,0
DA:336,0
DA:337,0
DA:339,0
DA:340,0
DA:341,0
DA:342,0
DA:343,0
DA:344,0
DA:345,0
DA:346,0
DA:347,0
DA:348,0
DA:349,0
DA:350,0
DA:352,0
DA:353,0
DA:354,0
DA:355,0
DA:356,0
DA:357,0
DA:359,1
LF:331
LH:2
BRF:0
BRH:0
end_of_record
TN:
SF:src\components\pokemon-page\PokemonActionPanel\PokemonActionPanel.jsx
FN:6,PokemonActionPanel
FNF:1
FNH:0
FNDA:0,PokemonActionPanel
DA:1,1
DA:2,1
DA:3,1
DA:6,0
DA:8,0
DA:9,0
DA:10,0
DA:11,0
DA:13,0
DA:14,0
DA:15,0
DA:16,0
DA:17,0
DA:18,0
DA:20,0
DA:21,0
DA:22,0
DA:23,0
DA:24,0
DA:25,0
DA:26,0
DA:27,0
DA:29,0
DA:30,0
DA:32,0
DA:33,0
DA:35,0
DA:36,0
DA:37,0
DA:38,0
DA:39,0
DA:40,0
DA:41,0
DA:44,0
DA:45,0
DA:46,0
DA:47,0
DA:49,0
DA:52,0
DA:53,0
DA:54,0
DA:55,0
DA:57,0
DA:60,0
DA:61,0
DA:62,0
DA:63,0
DA:64,0
DA:65,0
DA:66,0
DA:70,0
DA:72,1
LF:52
LH:4
BRF:0
BRH:0
end_of_record
TN:
SF:src\components\pokemon-page\PokemonNavigationBar\NextPokemonButton.jsx
FN:5,NextPokemonButton
FNF:1
FNH:0
FNDA:0,NextPokemonButton
DA:1,1
DA:2,1
DA:3,1
DA:5,0
DA:6,0
DA:8,0
DA:9,0
DA:10,0
DA:12,0
DA:13,0
DA:14,0
DA:15,0
DA:16,0
DA:20,0
DA:22,1
LF:15
LH:4
BRF:0
BRH:0
end_of_record
TN:
SF:src\components\pokemon-page\PokemonNavigationBar\PokemonNavigationBar.jsx
FN:6,PokemonNavigationBar
FNF:1
FNH:0
FNDA:0,PokemonNavigationBar
DA:1,1
DA:2,1
DA:3,1
DA:6,0
DA:8,0
DA:9,0
DA:11,0
DA:12,0
DA:13,0
DA:15,0
DA:18,0
DA:20,1
LF:12
LH:4
BRF:0
BRH:0
end_of_record
TN:
SF:src\components\pokemon-page\PokemonNavigationBar\PreviousPokemonButton.jsx
FN:5,PreviousPokemonButton
FNF:1
FNH:0
FNDA:0,PreviousPokemonButton
DA:1,1
DA:2,1
DA:3,1
DA:5,0
DA:6,0
DA:8,0
DA:9,0
DA:10,0
DA:12,0
DA:13,0
DA:14,0
DA:15,0
DA:16,0
DA:21,0
DA:23,1
LF:15
LH:4
BRF:0
BRH:0
end_of_record
TN:
SF:src\components\pokemon-page\PokemonStatsPanel\PokemonIndex.jsx
FN:1,PokemonIndex
FNF:1
FNH:0
FNDA:0,PokemonIndex
DA:1,0
DA:3,0
DA:4,0
DA:5,0
DA:8,0
DA:10,1
LF:6
LH:1
BRF:0
BRH:0
end_of_record
TN:
SF:src\components\pokemon-page\PokemonStatsPanel\PokemonName.jsx
FN:1,PokemonName
FNF:1
FNH:0
FNDA:0,PokemonName
DA:1,0
DA:3,0
DA:4,0
DA:6,0
DA:8,1
LF:5
LH:1
BRF:0
BRH:0
end_of_record
TN:
SF:src\components\pokemon-page\PokemonStatsPanel\PokemonStatsPanel.jsx
FN:9,PokemonStatsPanel
FNF:1
FNH:0
FNDA:0,PokemonStatsPanel
DA:1,1
DA:2,1
DA:3,1
DA:4,1
DA:5,1
DA:6,1
DA:9,0
DA:10,0
DA:11,0
DA:12,0
DA:13,0
DA:14,0
DA:15,0
DA:16,0
DA:17,0
DA:18,0
DA:19,0
DA:20,0
DA:21,0
DA:23,0
DA:24,0
DA:25,0
DA:26,0
DA:27,0
DA:28,0
DA:30,0
DA:31,0
DA:32,0
DA:33,0
DA:34,0
DA:35,0
DA:36,0
DA:37,0
DA:38,0
DA:39,0
DA:40,0
DA:42,0
DA:43,0
DA:45,0
DA:46,0
DA:48,0
DA:49,0
DA:50,0
DA:51,0
DA:52,0
DA:53,0
DA:54,0
DA:57,0
DA:58,0
DA:59,0
DA:60,0
DA:62,0
DA:65,0
DA:66,0
DA:67,0
DA:68,0
DA:70,0
DA:73,0
DA:74,0
DA:75,0
DA:76,0
DA:77,0
DA:78,0
DA:79,0
DA:83,0
DA:84,0
DA:85,0
DA:90,0
DA:91,0
DA:92,0
DA:93,0
DA:94,0
DA:95,0
DA:96,0
DA:97,0
DA:98,0
DA:99,0
DA:105,0
DA:106,0
DA:107,0
DA:108,0
DA:113,0
DA:115,1
LF:83
LH:7
BRF:0
BRH:0
end_of_record
TN:
SF:src\components\pokemon-page\PokemonStatsPanel\PokemonTypeRow.jsx
FN:5,PokemonTypeRow
FNF:1
FNH:0
FNDA:0,PokemonTypeRow
DA:1,1
DA:2,1
DA:3,1
DA:5,0
DA:6,0
DA:7,0
DA:8,0
DA:10,0
DA:11,0
DA:12,0
DA:13,0
DA:14,0
DA:15,0
DA:17,0
DA:18,0
DA:19,0
DA:20,0
DA:21,0
DA:22,0
DA:25,0
DA:26,0
DA:27,0
DA:29,0
DA:30,0
DA:31,0
DA:32,0
DA:33,0
DA:34,0
DA:35,0
DA:38,0
DA:39,0
DA:40,0
DA:41,0
DA:43,0
DA:46,0
DA:47,0
DA:48,0
DA:49,0
DA:51,0
DA:54,0
DA:55,0
DA:56,0
DA:57,0
DA:60,0
DA:62,1
LF:45
LH:4
BRF:0
BRH:0
end_of_record
TN:
SF:src\components\pokemon-page\PokemonStatsPanel\PokemonStats\PokemonStatsHeader.jsx
FN:3,PokemonStatsHeader
FNF:1
FNH:0
FNDA:0,PokemonStatsHeader
DA:1,1
DA:3,0
DA:5,0
DA:6,0
DA:7,0
DA:10,0
DA:12,1
LF:7
LH:2
BRF:0
BRH:0
end_of_record
TN:
SF:src\components\pokemon-page\PokemonStatsPanel\PokemonStats\PokemonStatsRow.jsx
FN:3,PokemonStatRow
FNF:1
FNH:0
FNDA:0,PokemonStatRow
DA:1,1
DA:3,0
DA:4,0
DA:6,0
DA:7,0
DA:8,0
DA:9,0
DA:10,0
DA:12,0
DA:13,0
DA:17,0
DA:19,1
LF:12
LH:2
BRF:0
BRH:0
end_of_record
TN:
SF:src\components\pokemon-page\PokemonStatsPanel\PokemonStats\PokemonStatsTable.jsx
FN:6,PokemonStatsTable
FNF:1
FNH:0
FNDA:0,PokemonStatsTable
DA:1,1
DA:2,1
DA:3,1
DA:4,1
DA:6,0
DA:7,0
DA:8,0
DA:9,0
DA:10,0
DA:11,0
DA:12,0
DA:13,0
DA:14,0
DA:15,0
DA:17,0
DA:18,0
DA:19,0
DA:20,0
DA:21,0
DA:22,0
DA:24,0
DA:25,0
DA:26,0
DA:27,0
DA:28,0
DA:29,0
DA:30,0
DA:31,0
DA:32,0
DA:34,0
DA:35,0
DA:37,0
DA:38,0
DA:39,0
DA:40,0
DA:41,0
DA:42,0
DA:43,0
DA:46,0
DA:47,0
DA:48,0
DA:49,0
DA:51,0
DA:54,0
DA:55,0
DA:56,0
DA:57,0
DA:59,0
DA:62,0
DA:63,0
DA:64,0
DA:65,0
DA:66,0
DA:67,0
DA:70,0
DA:71,0
DA:72,0
DA:73,0
DA:76,0
DA:77,0
DA:78,0
DA:79,0
DA:82,0
DA:83,0
DA:84,0
DA:85,0
DA:88,0
DA:89,0
DA:90,0
DA:91,0
DA:94,0
DA:95,0
DA:96,0
DA:97,0
DA:100,0
DA:101,0
DA:102,0
DA:103,0
DA:106,0
DA:107,0
DA:108,0
DA:109,0
DA:115,0
DA:117,1
LF:84
LH:5
BRF:0
BRH:0
end_of_record
TN:
SF:src\components\shared\footer\Footer.jsx
FN:3,Footer
FNF:1
FNH:1
FNDA:14,Footer
DA:1,1
DA:3,14
DA:5,14
DA:6,14
DA:7,14
DA:8,14
DA:9,14
DA:10,14
DA:11,14
DA:12,14
DA:14,14
DA:15,14
DA:16,14
DA:20,14
DA:22,1
LF:15
LH:15
BRDA:3,0,0,14
BRF:1
BRH:1
end_of_record
TN:
SF:src\components\shared\header\Header.jsx
FN:7,Header
FNF:1
FNH:1
FNDA:14,Header
DA:1,1
DA:2,1
DA:3,1
DA:4,1
DA:5,1
DA:7,14
DA:9,14
DA:10,14
DA:12,14
DA:15,14
DA:16,14
DA:20,14
DA:21,14
DA:25,14
DA:28,14
DA:31,14
DA:37,14
DA:39,1
LF:18
LH:18
BRDA:7,0,0,14
BRF:1
BRH:1
end_of_record
TN:
SF:src\components\shared\header\Logo.jsx
FN:5,Logo
FNF:1
FNH:1
FNDA:14,Logo
DA:1,1
DA:2,1
DA:3,1
DA:5,14
DA:7,14
DA:8,14
DA:9,14
DA:12,14
DA:14,1
LF:9
LH:9
BRDA:5,0,0,14
BRF:1
BRH:1
end_of_record
TN:
SF:src\components\shared\header\NavigationButtons.jsx
FN:4,NavigationButtons
FN:7,goToHomePage
FN:11,goToAboutPage
FNF:3
FNH:1
FNDA:14,NavigationButtons
FNDA:0,goToHomePage
FNDA:0,goToAboutPage
DA:1,1
DA:2,1
DA:4,14
DA:5,14
DA:7,14
DA:8,0
DA:9,0
DA:11,14
DA:12,0
DA:13,0
DA:15,14
DA:16,14
DA:17,14
DA:18,14
DA:19,14
DA:22,14
DA:23,14
DA:28,14
DA:30,1
LF:19
LH:15
BRDA:4,0,0,14
BRF:1
BRH:1
end_of_record
TN:
SF:src\components\shared\header\PokedexTitle.jsx
FN:3,PokedexTitle
FNF:1
FNH:1
FNDA:14,PokedexTitle
DA:1,1
DA:3,14
DA:5,14
DA:6,14
DA:7,14
DA:10,14
DA:12,1
LF:7
LH:7
BRDA:3,0,0,14
BRF:1
BRH:1
end_of_record
TN:
SF:src\components\shared\header\SearchBar.jsx
FN:5,SearchBar
FN:9,handleSearch
FN:32,handleKeyPress
FN:44,onChange
FNF:4
FNH:1
FNDA:14,SearchBar
FNDA:0,handleSearch
FNDA:0,handleKeyPress
FNDA:0,onChange
DA:1,1
DA:2,1
DA:3,1
DA:5,14
DA:6,14
DA:7,14
DA:9,14
DA:10,0
DA:12,0
DA:14,0
DA:15,0
DA:16,0
DA:17,0
DA:18,0
DA:19,0
DA:21,0
DA:22,0
DA:23,0
DA:24,0
DA:25,0
DA:26,0
DA:27,0
DA:28,0
DA:29,0
DA:30,0
DA:32,14
DA:33,0
DA:34,0
DA:35,0
DA:36,0
DA:38,14
DA:39,14
DA:40,14
DA:41,14
DA:42,14
DA:43,14
DA:44,14
DA:45,14
DA:46,14
DA:48,14
DA:51,14
DA:53,1
LF:42
LH:20
BRDA:5,0,0,14
BRF:1
BRH:1
end_of_record
TN:
SF:src\routes\AboutPage.jsx
FN:5,AboutPage
FNF:1
FNH:0
FNDA:0,AboutPage
DA:1,1
DA:2,1
DA:3,1
DA:5,0
DA:7,0
DA:8,0
DA:9,0
DA:10,0
DA:11,0
DA:14,0
DA:16,1
LF:11
LH:4
BRF:0
BRH:0
end_of_record
TN:
SF:src\routes\ExceptionPage.jsx
FN:7,ExceptionPage
FNF:1
FNH:0
FNDA:0,ExceptionPage
DA:1,1
DA:2,1
DA:3,1
DA:4,1
DA:5,1
DA:7,0
DA:8,0
DA:9,0
DA:10,0
DA:13,0
DA:14,0
DA:15,0
DA:17,0
DA:18,0
DA:19,0
DA:20,0
DA:21,0
DA:23,0
DA:26,0
DA:28,1
LF:20
LH:6
BRF:0
BRH:0
end_of_record
TN:
SF:src\routes\PokedexPage.jsx
FN:6,PokedexPage
FN:12,getPokemonCount
FN:31,fetchPokemonCount
FNF:3
FNH:3
FNDA:14,PokedexPage
FNDA:5,getPokemonCount
FNDA:5,fetchPokemonCount
DA:1,1
DA:2,1
DA:3,1
DA:4,1
DA:6,14
DA:7,14
DA:8,14
DA:9,14
DA:10,14
DA:12,14
DA:13,5
DA:14,5
DA:15,5
DA:16,0
DA:17,0
DA:18,5
DA:19,5
DA:21,5
DA:22,0
DA:23,0
DA:24,0
DA:25,5
DA:27,14
DA:28,14
DA:29,14
DA:30,5
DA:31,5
DA:32,5
DA:33,5
DA:34,5
DA:35,5
DA:36,5
DA:38,5
DA:39,0
DA:41,5
DA:42,5
DA:43,5
DA:44,5
DA:45,5
DA:46,14
DA:47,14
DA:48,14
DA:49,14
DA:52,14
DA:53,14
DA:54,10
DA:55,10
DA:56,10
DA:57,10
DA:58,10
DA:61,10
DA:64,4
DA:65,14
DA:66,0
DA:67,0
DA:68,0
DA:69,0
DA:70,0
DA:73,0
DA:76,4
DA:77,4
DA:78,4
DA:79,4
DA:80,4
DA:81,4
DA:82,4
DA:84,4
DA:87,4
DA:89,1
LF:69
LH:57
BRDA:6,0,0,14
BRDA:53,1,0,10
BRDA:61,2,0,4
BRDA:65,3,0,0
BRDA:73,4,0,4
BRDA:12,5,0,5
BRDA:15,6,0,0
BRDA:21,7,0,0
BRDA:29,8,0,5
BRDA:31,9,0,5
BRDA:38,10,0,0
BRF:11
BRH:7
end_of_record
TN:
SF:src\routes\PokemonPage.jsx
FN:8,PokemonPage
FNF:1
FNH:0
FNDA:0,PokemonPage
DA:1,1
DA:2,1
DA:3,1
DA:4,1
DA:5,1
DA:6,1
DA:8,0
DA:9,0
DA:10,0
DA:11,0
DA:13,0
DA:14,0
DA:15,0
DA:16,0
DA:18,0
DA:19,0
DA:20,0
DA:21,0
DA:22,0
DA:23,0
DA:24,0
DA:25,0
DA:26,0
DA:27,0
DA:28,0
DA:29,0
DA:30,0
DA:32,0
DA:33,0
DA:34,0
DA:35,0
DA:36,0
DA:38,0
DA:39,0
DA:40,0
DA:41,0
DA:42,0
DA:43,0
DA:44,0
DA:45,0
DA:46,0
DA:48,0
DA:49,0
DA:50,0
DA:51,0
DA:52,0
DA:53,0
DA:55,0
DA:56,0
DA:58,0
DA:59,0
DA:60,0
DA:61,0
DA:62,0
DA:63,0
DA:66,0
DA:67,0
DA:68,0
DA:69,0
DA:70,0
DA:71,0
DA:72,0
DA:75,0
DA:78,0
DA:79,0
DA:80,0
DA:81,0
DA:82,0
DA:83,0
DA:84,0
DA:87,0
DA:89,0
DA:90,0
DA:91,0
DA:92,0
DA:93,0
DA:94,0
DA:96,0
DA:99,0
DA:101,1
LF:80
LH:7
BRF:0
BRH:0
end_of_record
